2015-09-30 16:45:35 D [main.c:68:main] fmd: **** fmd start **** .......
2015-09-30 16:45:35 T [esc_main.c:74:esc_parsefile] parsefile: Parsing file: /usr/lib/fms/escdir/cpumem.esc

2015-09-30 16:45:35 T [esc_main.c:74:esc_parsefile] parsefile: Parsing file: /usr/lib/fms/escdir/disk.esc

2015-09-30 16:45:35 T [esc_main.c:74:esc_parsefile] parsefile: Parsing file: /usr/lib/fms/escdir/inject.esc

2015-09-30 16:45:35 D [esc_main.c:148:_stat_esc] : print esc file......
2015-09-30 16:45:35 D [esc_main.c:152:_stat_esc] : serd eclass is ereport.disk.write_error
2015-09-30 16:45:35 D [esc_main.c:152:_stat_esc] : serd eclass is ereport.disk.read_error
2015-09-30 16:45:35 D [esc_main.c:152:_stat_esc] : serd eclass is ereport.disk.write_error
2015-09-30 16:45:35 D [esc_main.c:152:_stat_esc] : serd eclass is ereport.disk.read_error
2015-09-30 16:45:35 D [esc_main.c:152:_stat_esc] : serd eclass is ereport.cpu.qpi_ue
2015-09-30 16:45:35 D [esc_main.c:152:_stat_esc] : serd eclass is ereport.cpu.qpi_ce
2015-09-30 16:45:35 D [esc_main.c:152:_stat_esc] : serd eclass is ereport.cpu.pcu_ue
2015-09-30 16:45:35 D [esc_main.c:152:_stat_esc] : serd eclass is ereport.cpu.pcu_ce
2015-09-30 16:45:35 D [esc_main.c:152:_stat_esc] : serd eclass is ereport.memory.mempage
2015-09-30 16:45:35 D [esc_main.c:152:_stat_esc] : serd eclass is ereport.cpu.bus_ue
2015-09-30 16:45:35 D [esc_main.c:152:_stat_esc] : serd eclass is ereport.cpu.bus_ce
2015-09-30 16:45:35 D [esc_main.c:152:_stat_esc] : serd eclass is ereport.cpu.tlb_ue
2015-09-30 16:45:35 D [esc_main.c:152:_stat_esc] : serd eclass is ereport.cpu.tlb_ce
2015-09-30 16:45:35 D [esc_main.c:152:_stat_esc] : serd eclass is ereport.cpu.cache_ue
2015-09-30 16:45:35 D [esc_main.c:152:_stat_esc] : serd eclass is ereport.cpu.cache_ce
2015-09-30 16:45:35 D [esc_main.c:157:_stat_esc] : fault eclass is ereport.disk.badblocks
2015-09-30 16:45:35 D [esc_main.c:157:_stat_esc] : fault eclass is ereport.disk.over-temperature
2015-09-30 16:45:35 D [esc_main.c:157:_stat_esc] : fault eclass is ereport.disk.space-insufficient
2015-09-30 16:45:35 D [esc_main.c:157:_stat_esc] : fault eclass is ereport.disk.badblocks
2015-09-30 16:45:35 D [esc_main.c:157:_stat_esc] : fault eclass is ereport.disk.over-temperature
2015-09-30 16:45:35 D [esc_main.c:157:_stat_esc] : fault eclass is ereport.disk.space-insufficient
2015-09-30 16:45:35 D [esc_main.c:157:_stat_esc] : fault eclass is ereport.cpu.mc_ue
2015-09-30 16:45:35 D [esc_main.c:157:_stat_esc] : fault eclass is ereport.cpu.mc_ce
2015-09-30 16:45:35 D [esc_main.c:163:_stat_esc] : event eclass is ereport.disk.unhealthy
2015-09-30 16:45:35 D [esc_main.c:163:_stat_esc] : event eclass is ereport.disk.unhealthy
2015-09-30 16:45:35 D [esc_main.c:163:_stat_esc] : event eclass is ereport.cpu.unknown_ue
2015-09-30 16:45:35 D [esc_main.c:163:_stat_esc] : event eclass is ereport.cpu.unknown_ce
2015-09-30 16:45:35 D [esc_main.c:163:_stat_esc] : event eclass is ereport.cpu.tmp_low
2015-09-30 16:45:35 D [esc_main.c:163:_stat_esc] : event eclass is ereport.cpu.tmp_high
2015-09-30 16:45:35 D [esc_main.c:163:_stat_esc] : event eclass is ereport.cpu.internal_unclassified_ue
2015-09-30 16:45:35 D [esc_main.c:163:_stat_esc] : event eclass is ereport.cpu.internal_unclassified_ce
2015-09-30 16:45:35 D [esc_main.c:163:_stat_esc] : event eclass is ereport.cpu.internal_timer_ue
2015-09-30 16:45:35 D [esc_main.c:163:_stat_esc] : event eclass is ereport.cpu.internal_timer_ce
2015-09-30 16:45:35 D [esc_main.c:163:_stat_esc] : event eclass is ereport.cpu.smm_hcav_ue
2015-09-30 16:45:35 D [esc_main.c:163:_stat_esc] : event eclass is ereport.cpu.smm_hcav_ce
2015-09-30 16:45:35 D [esc_main.c:163:_stat_esc] : event eclass is ereport.cpu.internal_parity_ue
2015-09-30 16:45:35 D [esc_main.c:163:_stat_esc] : event eclass is ereport.cpu.internal_parity_ce
2015-09-30 16:45:35 D [esc_main.c:163:_stat_esc] : event eclass is ereport.cpu.frc_ue
2015-09-30 16:45:35 D [esc_main.c:163:_stat_esc] : event eclass is ereport.cpu.frc_ce
2015-09-30 16:45:35 D [esc_main.c:163:_stat_esc] : event eclass is ereport.cpu.external_ue
2015-09-30 16:45:35 D [esc_main.c:163:_stat_esc] : event eclass is ereport.cpu.external_ce
2015-09-30 16:45:35 D [esc_main.c:163:_stat_esc] : event eclass is ereport.cpu.mrom_parity_ue
2015-09-30 16:45:35 D [esc_main.c:163:_stat_esc] : event eclass is ereport.cpu.mrom_parity_ce
2015-09-30 16:45:35 D [esc_main.c:163:_stat_esc] : event eclass is ereport.cpu.unclassified_ue
2015-09-30 16:45:35 D [esc_main.c:163:_stat_esc] : event eclass is ereport.cpu.unclassified_ce
2015-09-30 16:45:35 D [trace_src.c:78:fmd_module_init] trace: trace probe test hardware.
2015-09-30 16:45:35 E [evt_src.c:32:src_module_conf] : FMD: failed to open conf file /usr/lib/fms/plugins/trace_src.conf

2015-09-30 16:45:35 E [fmd_module.c:68:fmd_init_module] module: [/usr/lib/fms/plugins/trace_src.conf] init failed.
2015-09-30 16:45:35 E [fmd_module.c:113:fmd_module_load] module: can't init module [/usr/lib/fms/plugins/trace_src.conf]
2015-09-30 16:45:35 D [trace_agent.c:119:fmd_module_init] trace agent: call fmd init agent.
2015-09-30 16:45:35 D [evt_src.c:173:evtsrc_start] : time is wait......
2015-09-30 16:45:35 D [cpumem_evtsrc.c:407:cpumem_init] cpumem_evtsrc: CPU TYPE: Haswell
2015-09-30 16:45:35 D [dmi.c:174:get_efi_base_addr] cpumem_evtsrc: /sys/firmware/efi/systab: SMBIOS entry point at 0x000f04d0
2015-09-30 16:45:35 D [dmi.c:280:opendmi] cpumem_evtsrc: DMI tables at ec060, 1249 bytes, 24 entries
2015-09-30 16:45:35 D [dmi.c:405:dmi_collect] cpumem_evtsrc: entry 11 disabled
2015-09-30 16:45:35 D [dmi.c:405:dmi_collect] cpumem_evtsrc: entry 13 disabled
2015-09-30 16:45:35 D [dmi.c:516:dump_ranges] cpumem_evtsrc: RANGES:
2015-09-30 16:45:35 D [dmi.c:532:dump_ranges] cpumem_evtsrc: type:20 length:35 handle:15    range 0-ffffffff h 13 a 14 row 255 ilpos 1 ildepth 2
2015-09-30 16:45:35 D [dmi.c:532:dump_ranges] cpumem_evtsrc: type:20 length:35 handle:16    range 100000000-1ffffffff h 13 a 14 row 255 ilpos 2 ildepth 2
2015-09-30 16:45:35 D [dmi.c:535:dump_ranges] cpumem_evtsrc: DMI_DIMMS:
2015-09-30 16:45:35 D [dmi.c:546:dump_ranges] cpumem_evtsrc: type:17 length:40 handle:10    dimm width 64 datawidth 64 size 4096 set 0
2015-09-30 16:45:35 D [dmi.c:546:dump_ranges] cpumem_evtsrc: type:17 length:40 handle:12    dimm width 64 datawidth 64 size 4096 set 0
2015-09-30 16:45:35 E [evt_src.c:32:src_module_conf] : FMD: failed to open conf file /usr/lib/fms/plugins/cpumem_src.conf

2015-09-30 16:45:35 E [fmd_module.c:68:fmd_init_module] module: [/usr/lib/fms/plugins/cpumem_src.conf] init failed.
2015-09-30 16:45:35 E [fmd_module.c:113:fmd_module_load] module: can't init module [/usr/lib/fms/plugins/cpumem_src.conf]
2015-09-30 16:45:35 D [cpumem_agent.c:59:__cpuinfo_init] cpumem_agent: cpumhz: 3301.417000, processor_flags: flags		: fpu vme de pse tsc msr pae mce cx8 apic sep mtrr pge mca cmov pat pse36 clflush dts acpi mmx fxsr sse sse2 ss ht tm pbe syscall nx pdpe1gb rdtscp lm constant_tsc arch_perfmon pebs bts rep_good nopl xtopology nonstop_tsc aperfmperf eagerfpu pni pclmulqdq dtes64 monitor ds_cpl vmx smx est tm2 ssse3 fma cx16 xtpr pdcm pcid sse4_1 sse4_2 x2apic movbe popcnt tsc_deadline_timer aes xsave avx f16c rdrand lahf_lm abm ida arat epb xsaveopt pln pts dtherm tpr_shadow vnmi flexpriority ept vpid fsgsbase tsc_adjust bmi1 hle avx2 smep bmi2 erms invpcid rtm

2015-09-30 16:45:35 E [evt_agent.c:43:agent_module_conf] agent: agent conf file /usr/lib/fms/plugins/cpumem_agent.conf is error.
2015-09-30 16:45:35 E [fmd_module.c:68:fmd_init_module] module: [/usr/lib/fms/plugins/cpumem_agent.conf] init failed.
2015-09-30 16:45:35 E [fmd_module.c:113:fmd_module_load] module: can't init module [/usr/lib/fms/plugins/cpumem_agent.conf]
2015-09-30 16:45:35 E [evt_src.c:32:src_module_conf] : FMD: failed to open conf file /usr/lib/fms/plugins/inject_src.conf

2015-09-30 16:45:35 E [fmd_module.c:68:fmd_init_module] module: [/usr/lib/fms/plugins/inject_src.conf] init failed.
2015-09-30 16:45:35 E [fmd_module.c:113:fmd_module_load] module: can't init module [/usr/lib/fms/plugins/inject_src.conf]
2015-09-30 16:45:35 E [fmd_module.c:61:fmd_init_module] module: [/usr/lib/fms/plugins/inject_agent.so] fmd init failed.[/usr/lib/fms/plugins/inject_agent.so: undefined symbol: fmd_module_init]
2015-09-30 16:45:35 E [fmd_module.c:113:fmd_module_load] module: can't init module [/usr/lib/fms/plugins/inject_agent.so]
2015-09-30 16:45:35 E [evt_src.c:32:src_module_conf] : FMD: failed to open conf file /usr/lib/fms/plugins/disk_src.conf

2015-09-30 16:45:35 E [fmd_module.c:68:fmd_init_module] module: [/usr/lib/fms/plugins/disk_src.conf] init failed.
2015-09-30 16:45:35 E [fmd_module.c:113:fmd_module_load] module: can't init module [/usr/lib/fms/plugins/disk_src.conf]
2015-09-30 16:45:35 E [evt_agent.c:43:agent_module_conf] agent: agent conf file /usr/lib/fms/plugins/disk_agent.conf is error.
2015-09-30 16:45:35 E [fmd_module.c:68:fmd_init_module] module: [/usr/lib/fms/plugins/disk_agent.conf] init failed.
2015-09-30 16:45:35 E [fmd_module.c:113:fmd_module_load] module: can't init module [/usr/lib/fms/plugins/disk_agent.conf]
2015-09-30 16:45:36 D [fmd_common.c:29:fmd_timer_fire] : fmd time fire again....
2015-09-30 16:45:36 D [fmd_common.c:31:fmd_timer_fire] : fmd time fire again ok ....
2015-09-30 16:45:36 D [evt_src.c:177:evtsrc_start] event deteck start signal.: time is now, start deteck....
2015-09-30 16:45:37 D [fmd_common.c:29:fmd_timer_fire] : fmd time fire again....
2015-09-30 16:45:37 D [fmd_common.c:31:fmd_timer_fire] : fmd time fire again ok ....
2015-09-30 16:45:38 D [fmd_common.c:29:fmd_timer_fire] : fmd time fire again....
2015-09-30 16:45:38 D [fmd_common.c:31:fmd_timer_fire] : fmd time fire again ok ....
2015-09-30 16:45:39 D [fmd_common.c:29:fmd_timer_fire] : fmd time fire again....
2015-09-30 16:45:39 D [fmd_common.c:31:fmd_timer_fire] : fmd time fire again ok ....
2015-09-30 16:45:40 D [fmd_common.c:29:fmd_timer_fire] : fmd time fire again....
2015-09-30 16:45:40 D [fmd_common.c:31:fmd_timer_fire] : fmd time fire again ok ....
2015-09-30 16:45:41 D [fmd_common.c:29:fmd_timer_fire] : fmd time fire again....
2015-09-30 16:45:41 D [fmd_common.c:31:fmd_timer_fire] : fmd time fire again ok ....
2015-09-30 16:45:42 D [fmd_common.c:29:fmd_timer_fire] : fmd time fire again....
2015-09-30 16:45:42 D [fmd_common.c:31:fmd_timer_fire] : fmd time fire again ok ....
2015-09-30 16:45:43 D [fmd_common.c:29:fmd_timer_fire] : fmd time fire again....
2015-09-30 16:45:43 D [fmd_common.c:31:fmd_timer_fire] : fmd time fire again ok ....
2015-09-30 16:45:44 D [fmd_common.c:29:fmd_timer_fire] : fmd time fire again....
2015-09-30 16:45:44 D [fmd_common.c:31:fmd_timer_fire] : fmd time fire again ok ....
2015-09-30 16:45:45 D [fmd_common.c:29:fmd_timer_fire] : fmd time fire again....
2015-09-30 16:45:45 D [fmd_common.c:31:fmd_timer_fire] : fmd time fire again ok ....
2015-09-30 16:45:46 D [fmd_common.c:29:fmd_timer_fire] : fmd time fire again....
2015-09-30 16:45:46 D [fmd_common.c:31:fmd_timer_fire] : fmd time fire again ok ....
2015-09-30 16:45:47 D [fmd_common.c:29:fmd_timer_fire] : fmd time fire again....
2015-09-30 16:45:47 D [fmd_common.c:31:fmd_timer_fire] : fmd time fire again ok ....
2015-09-30 16:45:48 D [fmd_common.c:29:fmd_timer_fire] : fmd time fire again....
2015-09-30 16:45:48 D [fmd_common.c:31:fmd_timer_fire] : fmd time fire again ok ....
2015-09-30 16:45:49 D [fmd_common.c:29:fmd_timer_fire] : fmd time fire again....
2015-09-30 16:45:49 D [fmd_common.c:31:fmd_timer_fire] : fmd time fire again ok ....
2015-09-30 16:45:50 W [evt_src.c:142:do_evtsrc] fmd: no ereport event.
2015-09-30 16:45:50 D [fmd_common.c:29:fmd_timer_fire] : fmd time fire again....
2015-09-30 16:45:50 D [fmd_common.c:31:fmd_timer_fire] : fmd time fire again ok ....
2015-09-30 16:45:51 D [evt_src.c:173:evtsrc_start] : time is wait......
2015-09-30 16:45:51 D [fmd_common.c:29:fmd_timer_fire] : fmd time fire again....
2015-09-30 16:45:51 D [fmd_common.c:31:fmd_timer_fire] : fmd time fire again ok ....
2015-09-30 16:45:51 D [evt_src.c:177:evtsrc_start] event deteck start signal.: time is now, start deteck....
2015-09-30 16:45:52 D [fmd_common.c:29:fmd_timer_fire] : fmd time fire again....
2015-09-30 16:45:52 D [fmd_common.c:31:fmd_timer_fire] : fmd time fire again ok ....
2015-09-30 16:45:53 D [fmd_common.c:29:fmd_timer_fire] : fmd time fire again....
2015-09-30 16:45:53 D [fmd_common.c:31:fmd_timer_fire] : fmd time fire again ok ....
2015-09-30 16:45:54 D [fmd_common.c:29:fmd_timer_fire] : fmd time fire again....
2015-09-30 16:45:54 D [fmd_common.c:31:fmd_timer_fire] : fmd time fire again ok ....
2015-09-30 16:45:55 D [fmd_common.c:29:fmd_timer_fire] : fmd time fire again....
2015-09-30 16:45:55 D [fmd_common.c:31:fmd_timer_fire] : fmd time fire again ok ....
2015-09-30 16:45:56 D [fmd_common.c:29:fmd_timer_fire] : fmd time fire again....
2015-09-30 16:45:56 D [fmd_common.c:31:fmd_timer_fire] : fmd time fire again ok ....
2015-09-30 16:45:57 D [fmd_common.c:29:fmd_timer_fire] : fmd time fire again....
2015-09-30 16:45:57 D [fmd_common.c:31:fmd_timer_fire] : fmd time fire again ok ....
2015-09-30 16:45:58 D [fmd_common.c:29:fmd_timer_fire] : fmd time fire again....
2015-09-30 16:45:58 D [fmd_common.c:31:fmd_timer_fire] : fmd time fire again ok ....
2015-09-30 16:45:59 D [fmd_common.c:29:fmd_timer_fire] : fmd time fire again....
2015-09-30 16:45:59 D [fmd_common.c:31:fmd_timer_fire] : fmd time fire again ok ....
2015-09-30 16:46:00 D [fmd_common.c:29:fmd_timer_fire] : fmd time fire again....
2015-09-30 16:46:00 D [fmd_common.c:31:fmd_timer_fire] : fmd time fire again ok ....
2015-09-30 16:46:01 D [fmd_common.c:29:fmd_timer_fire] : fmd time fire again....
2015-09-30 16:46:01 D [fmd_common.c:31:fmd_timer_fire] : fmd time fire again ok ....
2015-09-30 16:46:02 D [fmd_common.c:29:fmd_timer_fire] : fmd time fire again....
2015-09-30 16:46:02 D [fmd_common.c:31:fmd_timer_fire] : fmd time fire again ok ....
2015-09-30 16:46:03 D [fmd_common.c:29:fmd_timer_fire] : fmd time fire again....
2015-09-30 16:46:03 D [fmd_common.c:31:fmd_timer_fire] : fmd time fire again ok ....
2015-09-30 16:46:04 D [fmd_common.c:29:fmd_timer_fire] : fmd time fire again....
2015-09-30 16:46:04 D [fmd_common.c:31:fmd_timer_fire] : fmd time fire again ok ....
2015-09-30 16:46:05 D [fmd_common.c:29:fmd_timer_fire] : fmd time fire again....
2015-09-30 16:46:05 D [fmd_common.c:31:fmd_timer_fire] : fmd time fire again ok ....
2015-09-30 16:46:06 D [fmd_common.c:29:fmd_timer_fire] : fmd time fire again....
2015-09-30 16:46:06 D [fmd_common.c:31:fmd_timer_fire] : fmd time fire again ok ....
2015-09-30 16:46:07 D [fmd_common.c:29:fmd_timer_fire] : fmd time fire again....
2015-09-30 16:46:07 D [fmd_common.c:31:fmd_timer_fire] : fmd time fire again ok ....
2015-09-30 16:46:08 D [fmd_common.c:29:fmd_timer_fire] : fmd time fire again....
2015-09-30 16:46:08 D [fmd_common.c:31:fmd_timer_fire] : fmd time fire again ok ....
2015-09-30 16:46:09 D [fmd_common.c:29:fmd_timer_fire] : fmd time fire again....
2015-09-30 16:46:09 D [fmd_common.c:31:fmd_timer_fire] : fmd time fire again ok ....
2015-09-30 16:46:10 D [fmd_common.c:29:fmd_timer_fire] : fmd time fire again....
2015-09-30 16:46:10 D [fmd_common.c:31:fmd_timer_fire] : fmd time fire again ok ....
2015-09-30 16:46:11 D [fmd_common.c:29:fmd_timer_fire] : fmd time fire again....
2015-09-30 16:46:11 D [fmd_common.c:31:fmd_timer_fire] : fmd time fire again ok ....
2015-09-30 16:46:12 D [fmd_common.c:29:fmd_timer_fire] : fmd time fire again....
2015-09-30 16:46:12 D [fmd_common.c:31:fmd_timer_fire] : fmd time fire again ok ....
2015-09-30 16:46:13 W [evt_src.c:142:do_evtsrc] fmd: no ereport event.
2015-09-30 16:46:13 D [fmd_common.c:29:fmd_timer_fire] : fmd time fire again....
2015-09-30 16:46:13 D [fmd_common.c:31:fmd_timer_fire] : fmd time fire again ok ....
2015-09-30 16:46:14 D [evt_src.c:173:evtsrc_start] : time is wait......
2015-09-30 16:46:14 D [fmd_common.c:29:fmd_timer_fire] : fmd time fire again....
2015-09-30 16:46:14 D [fmd_common.c:31:fmd_timer_fire] : fmd time fire again ok ....
2015-09-30 16:46:14 D [evt_src.c:177:evtsrc_start] event deteck start signal.: time is now, start deteck....
2015-09-30 16:46:15 W [evt_src.c:142:do_evtsrc] fmd: no ereport event.
2015-09-30 16:46:15 D [fmd_common.c:29:fmd_timer_fire] : fmd time fire again....
2015-09-30 16:46:15 D [fmd_common.c:31:fmd_timer_fire] : fmd time fire again ok ....
2015-09-30 16:46:16 D [evt_src.c:173:evtsrc_start] : time is wait......
2015-09-30 16:46:16 D [fmd_common.c:29:fmd_timer_fire] : fmd time fire again....
2015-09-30 16:46:16 D [fmd_common.c:31:fmd_timer_fire] : fmd time fire again ok ....
2015-09-30 16:46:16 D [evt_src.c:177:evtsrc_start] event deteck start signal.: time is now, start deteck....
2015-09-30 16:46:17 D [fmd_common.c:29:fmd_timer_fire] : fmd time fire again....
2015-09-30 16:46:17 D [fmd_common.c:31:fmd_timer_fire] : fmd time fire again ok ....
2015-09-30 16:46:18 D [fmd_common.c:29:fmd_timer_fire] : fmd time fire again....
2015-09-30 16:46:18 D [fmd_common.c:31:fmd_timer_fire] : fmd time fire again ok ....
2015-09-30 16:46:19 D [fmd_common.c:29:fmd_timer_fire] : fmd time fire again....
2015-09-30 16:46:19 D [fmd_common.c:31:fmd_timer_fire] : fmd time fire again ok ....
2015-09-30 16:46:20 D [fmd_common.c:29:fmd_timer_fire] : fmd time fire again....
2015-09-30 16:46:20 D [fmd_common.c:31:fmd_timer_fire] : fmd time fire again ok ....
2015-09-30 16:46:21 D [fmd_common.c:29:fmd_timer_fire] : fmd time fire again....
2015-09-30 16:46:21 D [fmd_common.c:31:fmd_timer_fire] : fmd time fire again ok ....
2015-09-30 16:46:22 D [fmd_common.c:29:fmd_timer_fire] : fmd time fire again....
2015-09-30 16:46:22 D [fmd_common.c:31:fmd_timer_fire] : fmd time fire again ok ....
2015-09-30 16:46:23 D [fmd_common.c:29:fmd_timer_fire] : fmd time fire again....
2015-09-30 16:46:23 D [fmd_common.c:31:fmd_timer_fire] : fmd time fire again ok ....
2015-09-30 16:46:24 D [fmd_common.c:29:fmd_timer_fire] : fmd time fire again....
2015-09-30 16:46:24 D [fmd_common.c:31:fmd_timer_fire] : fmd time fire again ok ....
2015-09-30 16:46:25 D [fmd_common.c:29:fmd_timer_fire] : fmd time fire again....
2015-09-30 16:46:25 D [fmd_common.c:31:fmd_timer_fire] : fmd time fire again ok ....
2015-09-30 16:46:26 D [fmd_common.c:29:fmd_timer_fire] : fmd time fire again....
2015-09-30 16:46:26 D [fmd_common.c:31:fmd_timer_fire] : fmd time fire again ok ....
2015-09-30 16:46:27 D [fmd_common.c:29:fmd_timer_fire] : fmd time fire again....
2015-09-30 16:46:27 D [fmd_common.c:31:fmd_timer_fire] : fmd time fire again ok ....
2015-09-30 16:46:28 D [fmd_common.c:29:fmd_timer_fire] : fmd time fire again....
2015-09-30 16:46:28 D [fmd_common.c:31:fmd_timer_fire] : fmd time fire again ok ....
2015-09-30 16:46:29 D [fmd_common.c:29:fmd_timer_fire] : fmd time fire again....
2015-09-30 16:46:29 D [fmd_common.c:31:fmd_timer_fire] : fmd time fire again ok ....
2015-09-30 16:46:30 D [fmd_common.c:29:fmd_timer_fire] : fmd time fire again....
2015-09-30 16:46:30 D [fmd_common.c:31:fmd_timer_fire] : fmd time fire again ok ....
2015-09-30 16:46:31 D [fmd_common.c:29:fmd_timer_fire] : fmd time fire again....
2015-09-30 16:46:31 D [fmd_common.c:31:fmd_timer_fire] : fmd time fire again ok ....
2015-09-30 16:46:32 D [fmd_common.c:29:fmd_timer_fire] : fmd time fire again....
2015-09-30 16:46:32 D [fmd_common.c:31:fmd_timer_fire] : fmd time fire again ok ....
2015-09-30 16:46:33 D [fmd_common.c:29:fmd_timer_fire] : fmd time fire again....
2015-09-30 16:46:33 D [fmd_common.c:31:fmd_timer_fire] : fmd time fire again ok ....
2015-09-30 16:46:34 D [fmd_common.c:29:fmd_timer_fire] : fmd time fire again....
2015-09-30 16:46:34 D [fmd_common.c:31:fmd_timer_fire] : fmd time fire again ok ....
2015-09-30 16:46:35 D [fmd_common.c:29:fmd_timer_fire] : fmd time fire again....
2015-09-30 16:46:35 D [fmd_common.c:31:fmd_timer_fire] : fmd time fire again ok ....
2015-09-30 16:46:36 D [fmd_common.c:29:fmd_timer_fire] : fmd time fire again....
2015-09-30 16:46:36 D [fmd_common.c:31:fmd_timer_fire] : fmd time fire again ok ....
2015-09-30 16:46:37 D [fmd_common.c:29:fmd_timer_fire] : fmd time fire again....
2015-09-30 16:46:37 D [fmd_common.c:31:fmd_timer_fire] : fmd time fire again ok ....
2015-09-30 16:46:38 D [fmd_common.c:29:fmd_timer_fire] : fmd time fire again....
2015-09-30 16:46:38 D [fmd_common.c:31:fmd_timer_fire] : fmd time fire again ok ....
2015-09-30 16:46:39 D [fmd_common.c:29:fmd_timer_fire] : fmd time fire again....
2015-09-30 16:46:39 D [fmd_common.c:31:fmd_timer_fire] : fmd time fire again ok ....
2015-09-30 16:46:40 D [fmd_common.c:29:fmd_timer_fire] : fmd time fire again....
2015-09-30 16:46:40 D [fmd_common.c:31:fmd_timer_fire] : fmd time fire again ok ....
2015-09-30 16:46:41 D [fmd_common.c:29:fmd_timer_fire] : fmd time fire again....
2015-09-30 16:46:41 D [fmd_common.c:31:fmd_timer_fire] : fmd time fire again ok ....
2015-09-30 16:46:42 D [fmd_common.c:29:fmd_timer_fire] : fmd time fire again....
2015-09-30 16:46:42 D [fmd_common.c:31:fmd_timer_fire] : fmd time fire again ok ....
2015-09-30 16:46:43 D [fmd_common.c:29:fmd_timer_fire] : fmd time fire again....
2015-09-30 16:46:43 D [fmd_common.c:31:fmd_timer_fire] : fmd time fire again ok ....
2015-09-30 16:46:44 D [fmd_common.c:29:fmd_timer_fire] : fmd time fire again....
2015-09-30 16:46:44 D [fmd_common.c:31:fmd_timer_fire] : fmd time fire again ok ....
2015-09-30 16:46:45 D [fmd_common.c:29:fmd_timer_fire] : fmd time fire again....
2015-09-30 16:46:45 D [fmd_common.c:31:fmd_timer_fire] : fmd time fire again ok ....
2015-09-30 16:46:45 D [trace_agent.c:119:fmd_module_init] trace agent: call fmd init agent.
2015-09-30 16:46:45 W [evt_src.c:142:do_evtsrc] fmd: no ereport event.
2015-09-30 16:46:46 D [fmd_common.c:29:fmd_timer_fire] : fmd time fire again....
2015-09-30 16:46:46 D [fmd_common.c:31:fmd_timer_fire] : fmd time fire again ok ....
2015-09-30 16:46:46 D [evt_src.c:173:evtsrc_start] : time is wait......
2015-09-30 16:46:47 D [fmd_common.c:29:fmd_timer_fire] : fmd time fire again....
2015-09-30 16:46:47 D [fmd_common.c:31:fmd_timer_fire] : fmd time fire again ok ....
2015-09-30 16:46:47 D [evt_src.c:177:evtsrc_start] event deteck start signal.: time is now, start deteck....
2015-09-30 16:46:48 W [evt_src.c:142:do_evtsrc] fmd: no ereport event.
2015-09-30 16:46:48 D [fmd_common.c:29:fmd_timer_fire] : fmd time fire again....
2015-09-30 16:46:48 D [fmd_common.c:31:fmd_timer_fire] : fmd time fire again ok ....
2015-09-30 16:46:49 D [evt_src.c:173:evtsrc_start] : time is wait......
2015-09-30 16:46:49 D [fmd_common.c:29:fmd_timer_fire] : fmd time fire again....
2015-09-30 16:46:49 D [fmd_common.c:31:fmd_timer_fire] : fmd time fire again ok ....
2015-09-30 16:46:49 D [evt_src.c:177:evtsrc_start] event deteck start signal.: time is now, start deteck....
2015-09-30 16:46:50 D [fmd_common.c:29:fmd_timer_fire] : fmd time fire again....
2015-09-30 16:46:50 D [fmd_common.c:31:fmd_timer_fire] : fmd time fire again ok ....
2015-09-30 16:46:51 D [fmd_common.c:29:fmd_timer_fire] : fmd time fire again....
2015-09-30 16:46:51 D [fmd_common.c:31:fmd_timer_fire] : fmd time fire again ok ....
2015-09-30 16:46:52 D [fmd_common.c:29:fmd_timer_fire] : fmd time fire again....
2015-09-30 16:46:52 D [fmd_common.c:31:fmd_timer_fire] : fmd time fire again ok ....
2015-09-30 16:46:53 D [fmd_common.c:29:fmd_timer_fire] : fmd time fire again....
2015-09-30 16:46:53 D [fmd_common.c:31:fmd_timer_fire] : fmd time fire again ok ....
2015-09-30 16:46:54 D [fmd_common.c:29:fmd_timer_fire] : fmd time fire again....
2015-09-30 16:46:54 D [fmd_common.c:31:fmd_timer_fire] : fmd time fire again ok ....
2015-09-30 16:46:55 D [fmd_common.c:29:fmd_timer_fire] : fmd time fire again....
2015-09-30 16:46:55 D [fmd_common.c:31:fmd_timer_fire] : fmd time fire again ok ....
2015-09-30 16:46:56 D [fmd_common.c:29:fmd_timer_fire] : fmd time fire again....
2015-09-30 16:46:56 D [fmd_common.c:31:fmd_timer_fire] : fmd time fire again ok ....
2015-09-30 16:46:57 D [fmd_common.c:29:fmd_timer_fire] : fmd time fire again....
2015-09-30 16:46:57 D [fmd_common.c:31:fmd_timer_fire] : fmd time fire again ok ....
2015-09-30 16:46:58 D [fmd_common.c:29:fmd_timer_fire] : fmd time fire again....
2015-09-30 16:46:58 D [fmd_common.c:31:fmd_timer_fire] : fmd time fire again ok ....
2015-09-30 16:46:59 D [fmd_common.c:29:fmd_timer_fire] : fmd time fire again....
2015-09-30 16:46:59 D [fmd_common.c:31:fmd_timer_fire] : fmd time fire again ok ....
2015-09-30 16:47:00 D [fmd_common.c:29:fmd_timer_fire] : fmd time fire again....
2015-09-30 16:47:00 D [fmd_common.c:31:fmd_timer_fire] : fmd time fire again ok ....
2015-09-30 16:47:01 D [fmd_common.c:29:fmd_timer_fire] : fmd time fire again....
2015-09-30 16:47:01 D [fmd_common.c:31:fmd_timer_fire] : fmd time fire again ok ....
2015-09-30 16:47:02 D [fmd_common.c:29:fmd_timer_fire] : fmd time fire again....
2015-09-30 16:47:02 D [fmd_common.c:31:fmd_timer_fire] : fmd time fire again ok ....
2015-09-30 16:47:03 D [fmd_common.c:29:fmd_timer_fire] : fmd time fire again....
2015-09-30 16:47:03 D [fmd_common.c:31:fmd_timer_fire] : fmd time fire again ok ....
2015-09-30 16:47:04 D [fmd_common.c:29:fmd_timer_fire] : fmd time fire again....
2015-09-30 16:47:04 D [fmd_common.c:31:fmd_timer_fire] : fmd time fire again ok ....
2015-09-30 16:47:05 D [fmd_common.c:29:fmd_timer_fire] : fmd time fire again....
2015-09-30 16:47:05 D [fmd_common.c:31:fmd_timer_fire] : fmd time fire again ok ....
2015-09-30 16:47:06 D [fmd_common.c:29:fmd_timer_fire] : fmd time fire again....
2015-09-30 16:47:06 D [fmd_common.c:31:fmd_timer_fire] : fmd time fire again ok ....
2015-09-30 16:47:07 D [fmd_common.c:29:fmd_timer_fire] : fmd time fire again....
2015-09-30 16:47:07 D [fmd_common.c:31:fmd_timer_fire] : fmd time fire again ok ....
2015-09-30 16:47:08 D [fmd_common.c:29:fmd_timer_fire] : fmd time fire again....
2015-09-30 16:47:08 D [fmd_common.c:31:fmd_timer_fire] : fmd time fire again ok ....
2015-09-30 16:47:09 D [fmd_common.c:29:fmd_timer_fire] : fmd time fire again....
2015-09-30 16:47:09 D [fmd_common.c:31:fmd_timer_fire] : fmd time fire again ok ....
2015-09-30 16:47:10 D [fmd_common.c:29:fmd_timer_fire] : fmd time fire again....
2015-09-30 16:47:10 D [fmd_common.c:31:fmd_timer_fire] : fmd time fire again ok ....
2015-09-30 16:47:11 D [fmd_common.c:29:fmd_timer_fire] : fmd time fire again....
2015-09-30 16:47:11 D [fmd_common.c:31:fmd_timer_fire] : fmd time fire again ok ....
2015-09-30 16:47:12 D [fmd_common.c:29:fmd_timer_fire] : fmd time fire again....
2015-09-30 16:47:12 D [fmd_common.c:31:fmd_timer_fire] : fmd time fire again ok ....
2015-09-30 16:47:13 D [fmd_common.c:29:fmd_timer_fire] : fmd time fire again....
2015-09-30 16:47:13 D [fmd_common.c:31:fmd_timer_fire] : fmd time fire again ok ....
2015-09-30 16:47:14 D [fmd_common.c:29:fmd_timer_fire] : fmd time fire again....
2015-09-30 16:47:14 D [fmd_common.c:31:fmd_timer_fire] : fmd time fire again ok ....
2015-09-30 16:47:15 D [fmd_common.c:29:fmd_timer_fire] : fmd time fire again....
2015-09-30 16:47:15 D [fmd_common.c:31:fmd_timer_fire] : fmd time fire again ok ....
2015-09-30 16:47:16 D [fmd_common.c:29:fmd_timer_fire] : fmd time fire again....
2015-09-30 16:47:16 D [fmd_common.c:31:fmd_timer_fire] : fmd time fire again ok ....
2015-09-30 16:47:17 D [fmd_common.c:29:fmd_timer_fire] : fmd time fire again....
2015-09-30 16:47:17 D [fmd_common.c:31:fmd_timer_fire] : fmd time fire again ok ....
2015-09-30 16:47:18 D [fmd_common.c:29:fmd_timer_fire] : fmd time fire again....
2015-09-30 16:47:18 D [fmd_common.c:31:fmd_timer_fire] : fmd time fire again ok ....
2015-09-30 16:47:19 D [fmd_common.c:29:fmd_timer_fire] : fmd time fire again....
2015-09-30 16:47:19 D [fmd_common.c:31:fmd_timer_fire] : fmd time fire again ok ....
2015-09-30 16:47:20 D [fmd_common.c:29:fmd_timer_fire] : fmd time fire again....
2015-09-30 16:47:20 D [fmd_common.c:31:fmd_timer_fire] : fmd time fire again ok ....
2015-09-30 16:47:21 D [fmd_common.c:29:fmd_timer_fire] : fmd time fire again....
2015-09-30 16:47:21 D [fmd_common.c:31:fmd_timer_fire] : fmd time fire again ok ....
2015-09-30 16:47:22 D [fmd_common.c:29:fmd_timer_fire] : fmd time fire again....
2015-09-30 16:47:22 D [fmd_common.c:31:fmd_timer_fire] : fmd time fire again ok ....
2015-09-30 16:47:23 D [fmd_common.c:29:fmd_timer_fire] : fmd time fire again....
2015-09-30 16:47:23 D [fmd_common.c:31:fmd_timer_fire] : fmd time fire again ok ....
2015-09-30 16:47:24 D [fmd_common.c:29:fmd_timer_fire] : fmd time fire again....
2015-09-30 16:47:24 D [fmd_common.c:31:fmd_timer_fire] : fmd time fire again ok ....
2015-09-30 16:47:25 D [fmd_common.c:29:fmd_timer_fire] : fmd time fire again....
2015-09-30 16:47:25 D [fmd_common.c:31:fmd_timer_fire] : fmd time fire again ok ....
2015-09-30 16:47:26 D [fmd_common.c:29:fmd_timer_fire] : fmd time fire again....
2015-09-30 16:47:26 D [fmd_common.c:31:fmd_timer_fire] : fmd time fire again ok ....
2015-09-30 16:47:27 D [fmd_common.c:29:fmd_timer_fire] : fmd time fire again....
2015-09-30 16:47:27 D [fmd_common.c:31:fmd_timer_fire] : fmd time fire again ok ....
2015-09-30 16:47:28 D [fmd_common.c:29:fmd_timer_fire] : fmd time fire again....
2015-09-30 16:47:28 D [fmd_common.c:31:fmd_timer_fire] : fmd time fire again ok ....
2015-09-30 16:47:29 D [fmd_common.c:29:fmd_timer_fire] : fmd time fire again....
2015-09-30 16:47:29 D [fmd_common.c:31:fmd_timer_fire] : fmd time fire again ok ....
2015-09-30 16:47:30 D [fmd_common.c:29:fmd_timer_fire] : fmd time fire again....
2015-09-30 16:47:30 D [fmd_common.c:31:fmd_timer_fire] : fmd time fire again ok ....
2015-09-30 16:47:31 D [fmd_common.c:29:fmd_timer_fire] : fmd time fire again....
2015-09-30 16:47:31 D [fmd_common.c:31:fmd_timer_fire] : fmd time fire again ok ....
2015-09-30 16:47:32 D [fmd_common.c:29:fmd_timer_fire] : fmd time fire again....
2015-09-30 16:47:32 D [fmd_common.c:31:fmd_timer_fire] : fmd time fire again ok ....
2015-09-30 16:47:33 D [fmd_common.c:29:fmd_timer_fire] : fmd time fire again....
2015-09-30 16:47:33 D [fmd_common.c:31:fmd_timer_fire] : fmd time fire again ok ....
2015-09-30 16:47:34 D [fmd_common.c:29:fmd_timer_fire] : fmd time fire again....
2015-09-30 16:47:34 D [fmd_common.c:31:fmd_timer_fire] : fmd time fire again ok ....
2015-09-30 16:47:35 D [fmd_common.c:29:fmd_timer_fire] : fmd time fire again....
2015-09-30 16:47:35 D [fmd_common.c:31:fmd_timer_fire] : fmd time fire again ok ....
2015-09-30 16:47:36 D [fmd_common.c:29:fmd_timer_fire] : fmd time fire again....
2015-09-30 16:47:36 D [fmd_common.c:31:fmd_timer_fire] : fmd time fire again ok ....
2015-09-30 16:47:37 D [fmd_common.c:29:fmd_timer_fire] : fmd time fire again....
2015-09-30 16:47:37 D [fmd_common.c:31:fmd_timer_fire] : fmd time fire again ok ....
2015-09-30 16:47:38 D [fmd_common.c:29:fmd_timer_fire] : fmd time fire again....
2015-09-30 16:47:38 D [fmd_common.c:31:fmd_timer_fire] : fmd time fire again ok ....
2015-09-30 16:47:39 D [fmd_common.c:29:fmd_timer_fire] : fmd time fire again....
2015-09-30 16:47:39 D [fmd_common.c:31:fmd_timer_fire] : fmd time fire again ok ....
2015-09-30 16:47:40 D [fmd_common.c:29:fmd_timer_fire] : fmd time fire again....
2015-09-30 16:47:40 D [fmd_common.c:31:fmd_timer_fire] : fmd time fire again ok ....
2015-09-30 16:47:41 D [fmd_common.c:29:fmd_timer_fire] : fmd time fire again....
2015-09-30 16:47:41 D [fmd_common.c:31:fmd_timer_fire] : fmd time fire again ok ....
2015-09-30 16:47:42 D [fmd_common.c:29:fmd_timer_fire] : fmd time fire again....
2015-09-30 16:47:42 D [fmd_common.c:31:fmd_timer_fire] : fmd time fire again ok ....
2015-09-30 16:47:43 D [fmd_common.c:29:fmd_timer_fire] : fmd time fire again....
2015-09-30 16:47:43 D [fmd_common.c:31:fmd_timer_fire] : fmd time fire again ok ....
2015-09-30 16:47:44 D [fmd_common.c:29:fmd_timer_fire] : fmd time fire again....
2015-09-30 16:47:44 D [fmd_common.c:31:fmd_timer_fire] : fmd time fire again ok ....
2015-09-30 16:47:45 D [fmd_common.c:29:fmd_timer_fire] : fmd time fire again....
2015-09-30 16:47:45 D [fmd_common.c:31:fmd_timer_fire] : fmd time fire again ok ....
2015-09-30 16:47:46 D [fmd_common.c:29:fmd_timer_fire] : fmd time fire again....
2015-09-30 16:47:46 D [fmd_common.c:31:fmd_timer_fire] : fmd time fire again ok ....
2015-09-30 16:47:47 D [fmd_common.c:29:fmd_timer_fire] : fmd time fire again....
2015-09-30 16:47:47 D [fmd_common.c:31:fmd_timer_fire] : fmd time fire again ok ....
2015-09-30 16:47:48 D [fmd_common.c:29:fmd_timer_fire] : fmd time fire again....
2015-09-30 16:47:48 D [fmd_common.c:31:fmd_timer_fire] : fmd time fire again ok ....
2015-09-30 16:47:49 D [fmd_common.c:29:fmd_timer_fire] : fmd time fire again....
2015-09-30 16:47:49 D [fmd_common.c:31:fmd_timer_fire] : fmd time fire again ok ....
2015-09-30 16:47:50 D [fmd_common.c:29:fmd_timer_fire] : fmd time fire again....
2015-09-30 16:47:50 D [fmd_common.c:31:fmd_timer_fire] : fmd time fire again ok ....
2015-09-30 16:47:51 D [fmd_common.c:29:fmd_timer_fire] : fmd time fire again....
2015-09-30 16:47:51 D [fmd_common.c:31:fmd_timer_fire] : fmd time fire again ok ....
2015-09-30 16:47:52 D [fmd_common.c:29:fmd_timer_fire] : fmd time fire again....
2015-09-30 16:47:52 D [fmd_common.c:31:fmd_timer_fire] : fmd time fire again ok ....
2015-09-30 16:47:53 D [fmd_common.c:29:fmd_timer_fire] : fmd time fire again....
2015-09-30 16:47:53 D [fmd_common.c:31:fmd_timer_fire] : fmd time fire again ok ....
2015-09-30 16:47:54 D [fmd_common.c:29:fmd_timer_fire] : fmd time fire again....
2015-09-30 16:47:54 D [fmd_common.c:31:fmd_timer_fire] : fmd time fire again ok ....
2015-09-30 16:47:55 D [fmd_common.c:29:fmd_timer_fire] : fmd time fire again....
2015-09-30 16:47:55 D [fmd_common.c:31:fmd_timer_fire] : fmd time fire again ok ....
2015-09-30 16:47:56 D [fmd_common.c:29:fmd_timer_fire] : fmd time fire again....
2015-09-30 16:47:56 D [fmd_common.c:31:fmd_timer_fire] : fmd time fire again ok ....
2015-09-30 16:47:57 D [fmd_common.c:29:fmd_timer_fire] : fmd time fire again....
2015-09-30 16:47:57 D [fmd_common.c:31:fmd_timer_fire] : fmd time fire again ok ....
2015-09-30 16:47:58 D [fmd_common.c:29:fmd_timer_fire] : fmd time fire again....
2015-09-30 16:47:58 D [fmd_common.c:31:fmd_timer_fire] : fmd time fire again ok ....
2015-09-30 16:47:59 D [fmd_common.c:29:fmd_timer_fire] : fmd time fire again....
2015-09-30 16:47:59 D [fmd_common.c:31:fmd_timer_fire] : fmd time fire again ok ....
2015-09-30 16:48:00 D [fmd_common.c:29:fmd_timer_fire] : fmd time fire again....
2015-09-30 16:48:00 D [fmd_common.c:31:fmd_timer_fire] : fmd time fire again ok ....
2015-09-30 16:48:01 D [fmd_common.c:29:fmd_timer_fire] : fmd time fire again....
2015-09-30 16:48:01 D [fmd_common.c:31:fmd_timer_fire] : fmd time fire again ok ....
2015-09-30 16:48:02 D [fmd_common.c:29:fmd_timer_fire] : fmd time fire again....
2015-09-30 16:48:02 D [fmd_common.c:31:fmd_timer_fire] : fmd time fire again ok ....
2015-09-30 16:48:03 D [fmd_common.c:29:fmd_timer_fire] : fmd time fire again....
2015-09-30 16:48:03 D [fmd_common.c:31:fmd_timer_fire] : fmd time fire again ok ....
2015-09-30 16:48:04 D [fmd_common.c:29:fmd_timer_fire] : fmd time fire again....
2015-09-30 16:48:04 D [fmd_common.c:31:fmd_timer_fire] : fmd time fire again ok ....
2015-09-30 16:48:05 D [fmd_common.c:29:fmd_timer_fire] : fmd time fire again....
2015-09-30 16:48:05 D [fmd_common.c:31:fmd_timer_fire] : fmd time fire again ok ....
2015-09-30 16:48:06 D [fmd_common.c:29:fmd_timer_fire] : fmd time fire again....
2015-09-30 16:48:06 D [fmd_common.c:31:fmd_timer_fire] : fmd time fire again ok ....
2015-09-30 16:48:07 D [fmd_common.c:29:fmd_timer_fire] : fmd time fire again....
2015-09-30 16:48:07 D [fmd_common.c:31:fmd_timer_fire] : fmd time fire again ok ....
2015-09-30 16:48:08 D [fmd_common.c:29:fmd_timer_fire] : fmd time fire again....
2015-09-30 16:48:08 D [fmd_common.c:31:fmd_timer_fire] : fmd time fire again ok ....
2015-09-30 16:48:09 D [fmd_common.c:29:fmd_timer_fire] : fmd time fire again....
2015-09-30 16:48:09 D [fmd_common.c:31:fmd_timer_fire] : fmd time fire again ok ....
2015-09-30 16:48:10 D [fmd_common.c:29:fmd_timer_fire] : fmd time fire again....
2015-09-30 16:48:10 D [fmd_common.c:31:fmd_timer_fire] : fmd time fire again ok ....
2015-09-30 16:48:11 D [fmd_common.c:29:fmd_timer_fire] : fmd time fire again....
2015-09-30 16:48:11 D [fmd_common.c:31:fmd_timer_fire] : fmd time fire again ok ....
2015-09-30 16:48:12 D [fmd_common.c:29:fmd_timer_fire] : fmd time fire again....
2015-09-30 16:48:12 D [fmd_common.c:31:fmd_timer_fire] : fmd time fire again ok ....
2015-09-30 16:48:13 D [fmd_common.c:29:fmd_timer_fire] : fmd time fire again....
2015-09-30 16:48:13 D [fmd_common.c:31:fmd_timer_fire] : fmd time fire again ok ....
2015-09-30 16:48:14 D [fmd_common.c:29:fmd_timer_fire] : fmd time fire again....
2015-09-30 16:48:14 D [fmd_common.c:31:fmd_timer_fire] : fmd time fire again ok ....
2015-09-30 16:48:15 D [fmd_common.c:29:fmd_timer_fire] : fmd time fire again....
2015-09-30 16:48:15 D [fmd_common.c:31:fmd_timer_fire] : fmd time fire again ok ....
2015-09-30 16:48:16 D [fmd_common.c:29:fmd_timer_fire] : fmd time fire again....
2015-09-30 16:48:16 D [fmd_common.c:31:fmd_timer_fire] : fmd time fire again ok ....
2015-09-30 16:48:17 D [fmd_common.c:29:fmd_timer_fire] : fmd time fire again....
2015-09-30 16:48:17 D [fmd_common.c:31:fmd_timer_fire] : fmd time fire again ok ....
2015-09-30 16:48:18 D [fmd_common.c:29:fmd_timer_fire] : fmd time fire again....
2015-09-30 16:48:18 D [fmd_common.c:31:fmd_timer_fire] : fmd time fire again ok ....
2015-09-30 16:48:19 D [fmd_common.c:29:fmd_timer_fire] : fmd time fire again....
2015-09-30 16:48:19 D [fmd_common.c:31:fmd_timer_fire] : fmd time fire again ok ....
2015-09-30 16:48:20 D [fmd_common.c:29:fmd_timer_fire] : fmd time fire again....
2015-09-30 16:48:20 D [fmd_common.c:31:fmd_timer_fire] : fmd time fire again ok ....
2015-09-30 16:48:21 D [fmd_common.c:29:fmd_timer_fire] : fmd time fire again....
2015-09-30 16:48:21 D [fmd_common.c:31:fmd_timer_fire] : fmd time fire again ok ....
2015-09-30 16:48:22 D [fmd_common.c:29:fmd_timer_fire] : fmd time fire again....
2015-09-30 16:48:22 D [fmd_common.c:31:fmd_timer_fire] : fmd time fire again ok ....
2015-09-30 16:48:23 D [fmd_common.c:29:fmd_timer_fire] : fmd time fire again....
2015-09-30 16:48:23 D [fmd_common.c:31:fmd_timer_fire] : fmd time fire again ok ....
2015-09-30 16:48:24 D [fmd_common.c:29:fmd_timer_fire] : fmd time fire again....
2015-09-30 16:48:24 D [fmd_common.c:31:fmd_timer_fire] : fmd time fire again ok ....
2015-09-30 16:48:25 D [fmd_common.c:29:fmd_timer_fire] : fmd time fire again....
2015-09-30 16:48:25 D [fmd_common.c:31:fmd_timer_fire] : fmd time fire again ok ....
2015-09-30 16:48:26 D [fmd_common.c:29:fmd_timer_fire] : fmd time fire again....
2015-09-30 16:48:26 D [fmd_common.c:31:fmd_timer_fire] : fmd time fire again ok ....
2015-09-30 16:48:27 D [fmd_common.c:29:fmd_timer_fire] : fmd time fire again....
2015-09-30 16:48:27 D [fmd_common.c:31:fmd_timer_fire] : fmd time fire again ok ....
2015-09-30 16:48:28 D [fmd_common.c:29:fmd_timer_fire] : fmd time fire again....
2015-09-30 16:48:28 D [fmd_common.c:31:fmd_timer_fire] : fmd time fire again ok ....
2015-09-30 16:48:29 D [fmd_common.c:29:fmd_timer_fire] : fmd time fire again....
2015-09-30 16:48:29 D [fmd_common.c:31:fmd_timer_fire] : fmd time fire again ok ....
2015-09-30 16:48:30 D [fmd_common.c:29:fmd_timer_fire] : fmd time fire again....
2015-09-30 16:48:30 D [fmd_common.c:31:fmd_timer_fire] : fmd time fire again ok ....
2015-09-30 16:48:31 D [fmd_common.c:29:fmd_timer_fire] : fmd time fire again....
2015-09-30 16:48:31 D [fmd_common.c:31:fmd_timer_fire] : fmd time fire again ok ....
2015-09-30 16:48:32 D [fmd_common.c:29:fmd_timer_fire] : fmd time fire again....
2015-09-30 16:48:32 D [fmd_common.c:31:fmd_timer_fire] : fmd time fire again ok ....
2015-09-30 16:48:33 D [fmd_common.c:29:fmd_timer_fire] : fmd time fire again....
2015-09-30 16:48:33 D [fmd_common.c:31:fmd_timer_fire] : fmd time fire again ok ....
2015-09-30 16:48:34 D [fmd_common.c:29:fmd_timer_fire] : fmd time fire again....
2015-09-30 16:48:34 D [fmd_common.c:31:fmd_timer_fire] : fmd time fire again ok ....
2015-09-30 16:48:35 D [fmd_common.c:29:fmd_timer_fire] : fmd time fire again....
2015-09-30 16:48:35 D [fmd_common.c:31:fmd_timer_fire] : fmd time fire again ok ....
2015-09-30 16:48:36 D [fmd_common.c:29:fmd_timer_fire] : fmd time fire again....
2015-09-30 16:48:36 D [fmd_common.c:31:fmd_timer_fire] : fmd time fire again ok ....
2015-09-30 16:48:37 D [fmd_common.c:29:fmd_timer_fire] : fmd time fire again....
2015-09-30 16:48:37 D [fmd_common.c:31:fmd_timer_fire] : fmd time fire again ok ....
2015-09-30 16:48:38 D [fmd_common.c:29:fmd_timer_fire] : fmd time fire again....
2015-09-30 16:48:38 D [fmd_common.c:31:fmd_timer_fire] : fmd time fire again ok ....
2015-09-30 16:48:39 D [fmd_common.c:29:fmd_timer_fire] : fmd time fire again....
2015-09-30 16:48:39 D [fmd_common.c:31:fmd_timer_fire] : fmd time fire again ok ....
2015-09-30 16:48:40 D [fmd_common.c:29:fmd_timer_fire] : fmd time fire again....
2015-09-30 16:48:40 D [fmd_common.c:31:fmd_timer_fire] : fmd time fire again ok ....
2015-09-30 16:48:41 D [fmd_common.c:29:fmd_timer_fire] : fmd time fire again....
2015-09-30 16:48:41 D [fmd_common.c:31:fmd_timer_fire] : fmd time fire again ok ....
